<?xml version="1.0" encoding="UTF-8"?>
<!-- Generated by org.testng.reporters.JUnitReportReporter -->
<testsuite skipped="0" hostname="DESKTOP-PP1623S" name="com.pwa.testcases.FlightSearchTest" tests="1" failures="0" timestamp="23 Nov 2020 13:51:17 GMT" time="0.214" errors="0">
  <testcase name="flightSearchTest" time="0.214" classname="com.pwa.testcases.FlightSearchTest"/>
</testsuite> <!-- com.pwa.testcases.FlightSearchTest -->
