<?xml version="1.0" encoding="UTF-8"?>
<!-- Generated by org.testng.reporters.JUnitReportReporter -->
<testsuite skipped="0" hostname="DESKTOP-PP1623S" name="com.w2a.testcases.FlightSearchTest" tests="1" failures="0" timestamp="23 Nov 2020 12:53:45 GMT" time="0.153" errors="0">
  <testcase name="flightSearchTest" time="0.153" classname="com.w2a.testcases.FlightSearchTest"/>
</testsuite> <!-- com.w2a.testcases.FlightSearchTest -->
